{"/Users/germanator/code/qts_interview_lab/javascript_impl/src/data_operations.ts": {"path":"/Users/germanator/code/qts_interview_lab/javascript_impl/src/data_operations.ts","statementMap":{"0":{"start":{"line":1,"column":0},"end":{"line":1,"column":39}},"1":{"start":{"line":2,"column":0},"end":{"line":2,"column":27}},"2":{"start":{"line":3,"column":0},"end":{"line":3,"column":80}},"3":{"start":{"line":6,"column":15},"end":{"line":6,"column":33}},"4":{"start":{"line":8,"column":35},"end":{"line":46,"column":1}},"5":{"start":{"line":9,"column":1},"end":{"line":9,"column":81}},"6":{"start":{"line":11,"column":21},"end":{"line":11,"column":22}},"7":{"start":{"line":12,"column":18},"end":{"line":12,"column":19}},"8":{"start":{"line":14,"column":1},"end":{"line":45,"column":2}},"9":{"start":{"line":16,"column":15},"end":{"line":16,"column":63}},"10":{"start":{"line":20,"column":15},"end":{"line":20,"column":59}},"11":{"start":{"line":24,"column":15},"end":{"line":24,"column":19}},"12":{"start":{"line":25,"column":2},"end":{"line":38,"column":3}},"13":{"start":{"line":26,"column":3},"end":{"line":26,"column":19}},"14":{"start":{"line":27,"column":3},"end":{"line":27,"column":32}},"15":{"start":{"line":28,"column":3},"end":{"line":37,"column":4}},"16":{"start":{"line":30,"column":40},"end":{"line":30,"column":92}},"17":{"start":{"line":31,"column":4},"end":{"line":35,"column":5}},"18":{"start":{"line":32,"column":5},"end":{"line":32,"column":null}},"19":{"start":{"line":34,"column":5},"end":{"line":34,"column":null}},"20":{"start":{"line":36,"column":4},"end":{"line":36,"column":17}},"21":{"start":{"line":39,"column":2},"end":{"line":39,"column":23}},"22":{"start":{"line":41,"column":2},"end":{"line":41,"column":null}},"23":{"start":{"line":43,"column":2},"end":{"line":43,"column":null}},"24":{"start":{"line":44,"column":2},"end":{"line":44,"column":14}},"25":{"start":{"line":8,"column":13},"end":{"line":8,"column":35}},"26":{"start":{"line":49,"column":29},"end":{"line":56,"column":1}},"27":{"start":{"line":50,"column":1},"end":{"line":50,"column":34}},"28":{"start":{"line":50,"column":21},"end":{"line":50,"column":34}},"29":{"start":{"line":52,"column":20},"end":{"line":52,"column":107}},"30":{"start":{"line":53,"column":21},"end":{"line":53,"column":95}},"31":{"start":{"line":54,"column":21},"end":{"line":54,"column":92}},"32":{"start":{"line":55,"column":1},"end":{"line":55,"column":49}},"33":{"start":{"line":49,"column":13},"end":{"line":49,"column":29}},"34":{"start":{"line":59,"column":36},"end":{"line":77,"column":1}},"35":{"start":{"line":60,"column":1},"end":{"line":60,"column":null}},"36":{"start":{"line":63,"column":1},"end":{"line":76,"column":2}},"37":{"start":{"line":65,"column":2},"end":{"line":65,"column":62}},"38":{"start":{"line":65,"column":36},"end":{"line":65,"column":60}},"39":{"start":{"line":68,"column":2},"end":{"line":75,"column":null}},"40":{"start":{"line":69,"column":3},"end":{"line":69,"column":31}},"41":{"start":{"line":69,"column":19},"end":{"line":69,"column":31}},"42":{"start":{"line":71,"column":23},"end":{"line":71,"column":61}},"43":{"start":{"line":72,"column":22},"end":{"line":72,"column":78}},"44":{"start":{"line":74,"column":3},"end":{"line":74,"column":39}},"45":{"start":{"line":59,"column":13},"end":{"line":59,"column":36}},"46":{"start":{"line":79,"column":41},"end":{"line":90,"column":1}},"47":{"start":{"line":80,"column":1},"end":{"line":80,"column":null}},"48":{"start":{"line":82,"column":1},"end":{"line":89,"column":2}},"49":{"start":{"line":84,"column":16},"end":{"line":84,"column":77}},"50":{"start":{"line":84,"column":60},"end":{"line":84,"column":75}},"51":{"start":{"line":85,"column":17},"end":{"line":85,"column":86}},"52":{"start":{"line":85,"column":62},"end":{"line":85,"column":77}},"53":{"start":{"line":87,"column":2},"end":{"line":87,"column":26}},"54":{"start":{"line":88,"column":2},"end":{"line":88,"column":28}},"55":{"start":{"line":79,"column":13},"end":{"line":79,"column":41}},"56":{"start":{"line":93,"column":37},"end":{"line":102,"column":1}},"57":{"start":{"line":94,"column":1},"end":{"line":94,"column":null}},"58":{"start":{"line":96,"column":1},"end":{"line":101,"column":2}},"59":{"start":{"line":98,"column":2},"end":{"line":98,"column":null}},"60":{"start":{"line":98,"column":59},"end":{"line":98,"column":144}},"61":{"start":{"line":93,"column":13},"end":{"line":93,"column":37}},"62":{"start":{"line":115,"column":32},"end":{"line":130,"column":1}},"63":{"start":{"line":116,"column":16},"end":{"line":116,"column":34}},"64":{"start":{"line":117,"column":17},"end":{"line":117,"column":33}},"65":{"start":{"line":119,"column":1},"end":{"line":129,"column":2}},"66":{"start":{"line":120,"column":2},"end":{"line":123,"column":42}},"67":{"start":{"line":121,"column":15},"end":{"line":123,"column":40}},"68":{"start":{"line":125,"column":2},"end":{"line":128,"column":42}},"69":{"start":{"line":126,"column":15},"end":{"line":128,"column":40}},"70":{"start":{"line":115,"column":13},"end":{"line":115,"column":32}}},"fnMap":{"0":{"name":"(anonymous_1)","decl":{"start":{"line":8,"column":35},"end":{"line":8,"column":40}},"loc":{"start":{"line":8,"column":103},"end":{"line":46,"column":1}}},"1":{"name":"(anonymous_2)","decl":{"start":{"line":49,"column":29},"end":{"line":49,"column":30}},"loc":{"start":{"line":49,"column":60},"end":{"line":56,"column":1}}},"2":{"name":"(anonymous_3)","decl":{"start":{"line":59,"column":36},"end":{"line":59,"column":37}},"loc":{"start":{"line":59,"column":76},"end":{"line":77,"column":1}}},"3":{"name":"(anonymous_4)","decl":{"start":{"line":65,"column":25},"end":{"line":65,"column":26}},"loc":{"start":{"line":65,"column":36},"end":{"line":65,"column":60}}},"4":{"name":"(anonymous_5)","decl":{"start":{"line":68,"column":47},"end":{"line":68,"column":48}},"loc":{"start":{"line":68,"column":73},"end":{"line":75,"column":3}}},"5":{"name":"(anonymous_6)","decl":{"start":{"line":79,"column":41},"end":{"line":79,"column":42}},"loc":{"start":{"line":79,"column":81},"end":{"line":90,"column":1}}},"6":{"name":"(anonymous_7)","decl":{"start":{"line":84,"column":47},"end":{"line":84,"column":56}},"loc":{"start":{"line":84,"column":60},"end":{"line":84,"column":75}}},"7":{"name":"(anonymous_8)","decl":{"start":{"line":85,"column":49},"end":{"line":85,"column":58}},"loc":{"start":{"line":85,"column":62},"end":{"line":85,"column":77}}},"8":{"name":"(anonymous_9)","decl":{"start":{"line":93,"column":37},"end":{"line":93,"column":38}},"loc":{"start":{"line":93,"column":100},"end":{"line":102,"column":1}}},"9":{"name":"(anonymous_10)","decl":{"start":{"line":98,"column":47},"end":{"line":98,"column":48}},"loc":{"start":{"line":98,"column":59},"end":{"line":98,"column":144}}},"10":{"name":"(anonymous_11)","decl":{"start":{"line":115,"column":32},"end":{"line":115,"column":33}},"loc":{"start":{"line":115,"column":109},"end":{"line":130,"column":1}}},"11":{"name":"(anonymous_12)","decl":{"start":{"line":121,"column":3},"end":{"line":121,"column":11}},"loc":{"start":{"line":121,"column":15},"end":{"line":123,"column":40}}},"12":{"name":"(anonymous_13)","decl":{"start":{"line":126,"column":3},"end":{"line":126,"column":11}},"loc":{"start":{"line":126,"column":15},"end":{"line":128,"column":40}}}},"branchMap":{"0":{"loc":{"start":{"line":28,"column":3},"end":{"line":37,"column":4}},"type":"if","locations":[{"start":{"line":28,"column":3},"end":{"line":37,"column":4}}]},"1":{"loc":{"start":{"line":31,"column":4},"end":{"line":35,"column":5}},"type":"if","locations":[{"start":{"line":31,"column":4},"end":{"line":35,"column":5}},{"start":{"line":33,"column":11},"end":{"line":35,"column":5}}]},"2":{"loc":{"start":{"line":50,"column":1},"end":{"line":50,"column":34}},"type":"if","locations":[{"start":{"line":50,"column":1},"end":{"line":50,"column":34}}]},"3":{"loc":{"start":{"line":52,"column":20},"end":{"line":52,"column":107}},"type":"binary-expr","locations":[{"start":{"line":52,"column":20},"end":{"line":52,"column":43}},{"start":{"line":52,"column":47},"end":{"line":52,"column":72}},{"start":{"line":52,"column":76},"end":{"line":52,"column":107}}]},"4":{"loc":{"start":{"line":53,"column":21},"end":{"line":53,"column":95}},"type":"binary-expr","locations":[{"start":{"line":53,"column":21},"end":{"line":53,"column":41}},{"start":{"line":53,"column":45},"end":{"line":53,"column":76}},{"start":{"line":53,"column":80},"end":{"line":53,"column":95}}]},"5":{"loc":{"start":{"line":54,"column":21},"end":{"line":54,"column":92}},"type":"binary-expr","locations":[{"start":{"line":54,"column":21},"end":{"line":54,"column":40}},{"start":{"line":54,"column":44},"end":{"line":54,"column":74}},{"start":{"line":54,"column":78},"end":{"line":54,"column":92}}]},"6":{"loc":{"start":{"line":55,"column":8},"end":{"line":55,"column":48}},"type":"binary-expr","locations":[{"start":{"line":55,"column":8},"end":{"line":55,"column":18}},{"start":{"line":55,"column":22},"end":{"line":55,"column":33}},{"start":{"line":55,"column":37},"end":{"line":55,"column":48}}]},"7":{"loc":{"start":{"line":65,"column":36},"end":{"line":65,"column":60}},"type":"cond-expr","locations":[{"start":{"line":65,"column":54},"end":{"line":65,"column":55}},{"start":{"line":65,"column":58},"end":{"line":65,"column":60}}]},"8":{"loc":{"start":{"line":69,"column":3},"end":{"line":69,"column":31}},"type":"if","locations":[{"start":{"line":69,"column":3},"end":{"line":69,"column":31}}]},"9":{"loc":{"start":{"line":74,"column":12},"end":{"line":74,"column":37}},"type":"binary-expr","locations":[{"start":{"line":74,"column":12},"end":{"line":74,"column":23}},{"start":{"line":74,"column":27},"end":{"line":74,"column":37}}]},"10":{"loc":{"start":{"line":119,"column":1},"end":{"line":129,"column":2}},"type":"if","locations":[{"start":{"line":119,"column":1},"end":{"line":129,"column":2}},{"start":{"line":124,"column":8},"end":{"line":129,"column":2}}]},"11":{"loc":{"start":{"line":121,"column":15},"end":{"line":123,"column":40}},"type":"binary-expr","locations":[{"start":{"line":121,"column":15},"end":{"line":121,"column":48}},{"start":{"line":122,"column":6},"end":{"line":122,"column":40}},{"start":{"line":123,"column":6},"end":{"line":123,"column":40}}]},"12":{"loc":{"start":{"line":126,"column":15},"end":{"line":128,"column":40}},"type":"binary-expr","locations":[{"start":{"line":126,"column":15},"end":{"line":126,"column":48}},{"start":{"line":127,"column":6},"end":{"line":127,"column":39}},{"start":{"line":128,"column":6},"end":{"line":128,"column":40}}]}},"s":{"0":1,"1":1,"2":1,"3":1,"4":1,"5":2,"6":2,"7":2,"8":2,"9":2,"10":2,"11":1,"12":1,"13":10,"14":10,"15":10,"16":10,"17":10,"18":9,"19":1,"20":10,"21":1,"22":1,"23":1,"24":1,"25":1,"26":1,"27":22,"28":1,"29":21,"30":21,"31":21,"32":21,"33":1,"34":1,"35":2,"36":2,"37":2,"38":28,"39":2,"40":24,"41":2,"42":22,"43":22,"44":22,"45":1,"46":1,"47":1,"48":1,"49":1,"50":11,"51":1,"52":11,"53":1,"54":1,"55":1,"56":1,"57":1,"58":1,"59":1,"60":10,"61":1,"62":1,"63":4,"64":4,"65":4,"66":2,"67":2,"68":2,"69":2,"70":1},"f":{"0":2,"1":22,"2":2,"3":28,"4":24,"5":1,"6":11,"7":11,"8":1,"9":10,"10":4,"11":2,"12":2},"b":{"0":[10],"1":[9,1],"2":[1],"3":[21,20,19],"4":[21,20,19],"5":[21,20,19],"6":[21,17,14],"7":[7,21],"8":[2],"9":[22,20],"10":[2,2],"11":[2,1,1],"12":[2,2,1]}}
,"/Users/germanator/code/qts_interview_lab/javascript_impl/src/helpers.ts": {"path":"/Users/germanator/code/qts_interview_lab/javascript_impl/src/helpers.ts","statementMap":{"0":{"start":{"line":3,"column":26},"end":{"line":6,"column":1}},"1":{"start":{"line":4,"column":15},"end":{"line":4,"column":37}},"2":{"start":{"line":5,"column":1},"end":{"line":5,"column":24}},"3":{"start":{"line":3,"column":13},"end":{"line":3,"column":26}},"4":{"start":{"line":9,"column":31},"end":{"line":11,"column":1}},"5":{"start":{"line":10,"column":1},"end":{"line":10,"column":70}},"6":{"start":{"line":9,"column":13},"end":{"line":9,"column":31}},"7":{"start":{"line":14,"column":34},"end":{"line":19,"column":1}},"8":{"start":{"line":15,"column":21},"end":{"line":15,"column":53}},"9":{"start":{"line":16,"column":21},"end":{"line":16,"column":53}},"10":{"start":{"line":18,"column":1},"end":{"line":18,"column":53}},"11":{"start":{"line":14,"column":13},"end":{"line":14,"column":34}},"12":{"start":{"line":22,"column":24},"end":{"line":22,"column":102}},"13":{"start":{"line":22,"column":54},"end":{"line":22,"column":102}},"14":{"start":{"line":22,"column":79},"end":{"line":22,"column":84}},"15":{"start":{"line":22,"column":13},"end":{"line":22,"column":24}},"16":{"start":{"line":25,"column":25},"end":{"line":30,"column":1}},"17":{"start":{"line":26,"column":1},"end":{"line":29,"column":3}},"18":{"start":{"line":27,"column":18},"end":{"line":27,"column":39}},"19":{"start":{"line":28,"column":20},"end":{"line":28,"column":25}},"20":{"start":{"line":25,"column":13},"end":{"line":25,"column":25}}},"fnMap":{"0":{"name":"(anonymous_0)","decl":{"start":{"line":3,"column":26},"end":{"line":3,"column":27}},"loc":{"start":{"line":3,"column":49},"end":{"line":6,"column":1}}},"1":{"name":"(anonymous_1)","decl":{"start":{"line":9,"column":31},"end":{"line":9,"column":32}},"loc":{"start":{"line":9,"column":54},"end":{"line":11,"column":1}}},"2":{"name":"(anonymous_2)","decl":{"start":{"line":14,"column":34},"end":{"line":14,"column":35}},"loc":{"start":{"line":14,"column":106},"end":{"line":19,"column":1}}},"3":{"name":"(anonymous_3)","decl":{"start":{"line":22,"column":24},"end":{"line":22,"column":25}},"loc":{"start":{"line":22,"column":54},"end":{"line":22,"column":102}}},"4":{"name":"(anonymous_4)","decl":{"start":{"line":22,"column":69},"end":{"line":22,"column":70}},"loc":{"start":{"line":22,"column":79},"end":{"line":22,"column":84}}},"5":{"name":"(anonymous_5)","decl":{"start":{"line":25,"column":25},"end":{"line":25,"column":26}},"loc":{"start":{"line":25,"column":68},"end":{"line":30,"column":1}}},"6":{"name":"(anonymous_6)","decl":{"start":{"line":27,"column":13},"end":{"line":27,"column":14}},"loc":{"start":{"line":27,"column":18},"end":{"line":27,"column":39}}},"7":{"name":"(anonymous_7)","decl":{"start":{"line":28,"column":10},"end":{"line":28,"column":11}},"loc":{"start":{"line":28,"column":20},"end":{"line":28,"column":25}}}},"branchMap":{"0":{"loc":{"start":{"line":18,"column":8},"end":{"line":18,"column":52}},"type":"binary-expr","locations":[{"start":{"line":18,"column":8},"end":{"line":18,"column":28}},{"start":{"line":18,"column":32},"end":{"line":18,"column":52}}]}},"s":{"0":2,"1":11,"2":11,"3":2,"4":2,"5":1,"6":2,"7":2,"8":12,"9":12,"10":12,"11":2,"12":2,"13":2,"14":14,"15":2,"16":2,"17":2,"18":17,"19":15,"20":2},"f":{"0":11,"1":1,"2":12,"3":2,"4":14,"5":2,"6":17,"7":15},"b":{"0":[12,2]}}
,"/Users/germanator/code/qts_interview_lab/javascript_impl/src/test/testdata/dense_bad_raw_data.ts": {"path":"/Users/germanator/code/qts_interview_lab/javascript_impl/src/test/testdata/dense_bad_raw_data.ts","statementMap":{"0":{"start":{"line":3,"column":13},"end":{"line":54,"column":null}}},"fnMap":{},"branchMap":{},"s":{"0":1},"f":{},"b":{}}
,"/Users/germanator/code/qts_interview_lab/javascript_impl/src/test/testdata/sample_processed_data.ts": {"path":"/Users/germanator/code/qts_interview_lab/javascript_impl/src/test/testdata/sample_processed_data.ts","statementMap":{"0":{"start":{"line":3,"column":13},"end":{"line":22,"column":null}},"1":{"start":{"line":23,"column":13},"end":{"line":38,"column":null}},"2":{"start":{"line":40,"column":13},"end":{"line":56,"column":null}},"3":{"start":{"line":58,"column":13},"end":{"line":76,"column":null}}},"fnMap":{},"branchMap":{},"s":{"0":1,"1":1,"2":1,"3":1},"f":{},"b":{}}
}
