TN:
SF:src/data_operations.ts
FN:8,(anonymous_1)
FN:49,(anonymous_2)
FN:59,(anonymous_3)
FN:65,(anonymous_4)
FN:68,(anonymous_5)
FN:79,(anonymous_6)
FN:84,(anonymous_7)
FN:85,(anonymous_8)
FN:93,(anonymous_9)
FN:98,(anonymous_10)
FN:115,(anonymous_11)
FN:121,(anonymous_12)
FN:126,(anonymous_13)
FNF:13
FNH:13
FNDA:2,(anonymous_1)
FNDA:22,(anonymous_2)
FNDA:2,(anonymous_3)
FNDA:28,(anonymous_4)
FNDA:24,(anonymous_5)
FNDA:1,(anonymous_6)
FNDA:11,(anonymous_7)
FNDA:11,(anonymous_8)
FNDA:1,(anonymous_9)
FNDA:10,(anonymous_10)
FNDA:4,(anonymous_11)
FNDA:2,(anonymous_12)
FNDA:2,(anonymous_13)
DA:1,1
DA:2,1
DA:3,1
DA:6,1
DA:8,1
DA:9,2
DA:11,2
DA:12,2
DA:14,2
DA:16,2
DA:20,2
DA:24,1
DA:25,1
DA:26,10
DA:27,10
DA:28,10
DA:30,10
DA:31,10
DA:32,9
DA:34,1
DA:36,10
DA:39,1
DA:41,1
DA:43,1
DA:44,1
DA:49,1
DA:50,22
DA:52,21
DA:53,21
DA:54,21
DA:55,21
DA:59,1
DA:60,2
DA:63,2
DA:65,28
DA:68,2
DA:69,24
DA:71,22
DA:72,22
DA:74,22
DA:79,1
DA:80,1
DA:82,1
DA:84,11
DA:85,11
DA:87,1
DA:88,1
DA:93,1
DA:94,1
DA:96,1
DA:98,10
DA:115,1
DA:116,4
DA:117,4
DA:119,4
DA:120,2
DA:121,2
DA:125,2
DA:126,2
LF:59
LH:59
BRDA:28,0,0,10
BRDA:31,1,0,9
BRDA:31,1,1,1
BRDA:50,2,0,1
BRDA:52,3,0,21
BRDA:52,3,1,20
BRDA:52,3,2,19
BRDA:53,4,0,21
BRDA:53,4,1,20
BRDA:53,4,2,19
BRDA:54,5,0,21
BRDA:54,5,1,20
BRDA:54,5,2,19
BRDA:55,6,0,21
BRDA:55,6,1,17
BRDA:55,6,2,14
BRDA:65,7,0,7
BRDA:65,7,1,21
BRDA:69,8,0,2
BRDA:74,9,0,22
BRDA:74,9,1,20
BRDA:119,10,0,2
BRDA:119,10,1,2
BRDA:121,11,0,2
BRDA:121,11,1,1
BRDA:121,11,2,1
BRDA:126,12,0,2
BRDA:126,12,1,2
BRDA:126,12,2,1
BRF:29
BRH:29
end_of_record
TN:
SF:src/helpers.ts
FN:3,(anonymous_0)
FN:9,(anonymous_1)
FN:14,(anonymous_2)
FN:22,(anonymous_3)
FN:22,(anonymous_4)
FN:25,(anonymous_5)
FN:27,(anonymous_6)
FN:28,(anonymous_7)
FNF:8
FNH:8
FNDA:11,(anonymous_0)
FNDA:1,(anonymous_1)
FNDA:12,(anonymous_2)
FNDA:2,(anonymous_3)
FNDA:14,(anonymous_4)
FNDA:2,(anonymous_5)
FNDA:17,(anonymous_6)
FNDA:15,(anonymous_7)
DA:3,2
DA:4,11
DA:5,11
DA:9,2
DA:10,1
DA:14,2
DA:15,12
DA:16,12
DA:18,12
DA:22,14
DA:25,2
DA:26,2
DA:27,17
DA:28,15
LF:14
LH:14
BRDA:18,0,0,12
BRDA:18,0,1,2
BRF:2
BRH:2
end_of_record
TN:
SF:src/test/testdata/dense_bad_raw_data.ts
FNF:0
FNH:0
DA:3,1
LF:1
LH:1
BRF:0
BRH:0
end_of_record
TN:
SF:src/test/testdata/sample_processed_data.ts
FNF:0
FNH:0
DA:3,1
DA:23,1
DA:40,1
DA:58,1
LF:4
LH:4
BRF:0
BRH:0
end_of_record
